2026-05-05 10:59:35 URL:https://chem.libretexts.org/ [115723] -> "archive/chem.libretexts.org/index.html" [1]
2026-05-05 10:59:37 URL:https://chem.libretexts.org/robots.txt [646] -> "archive/chem.libretexts.org/robots.txt" [1]
2026-05-05 10:59:38 URL:https://chem.libretexts.org/@api/deki/site/opensearch/description [1046/1046] -> "archive/chem.libretexts.org/@api/deki/site/opensearch/description" [1]
https://chem.libretexts.org/%5C%22%7B0%7D%5C%22:
2026-05-05 10:59:39 ERROR 404: Not Found.
2026-05-05 10:59:44 URL:https://chem.libretexts.org/Courses [324349] -> "archive/chem.libretexts.org/Courses.html" [1]
2026-05-05 10:59:46 URL:https://chem.libretexts.org/Bookshelves [128827] -> "archive/chem.libretexts.org/Bookshelves.html" [1]
2026-05-05 10:59:48 URL:https://chem.libretexts.org/Ancillary_Materials [123945] -> "archive/chem.libretexts.org/Ancillary_Materials.html" [1]
2026-05-05 10:59:50 URL:https://chem.libretexts.org/Special:Userlogin?readerView [92020] -> "archive/chem.libretexts.org/Special:Userlogin?readerView.html" [1]
2026-05-05 10:59:52 URL:https://chem.libretexts.org/?downloads [115798] -> "archive/chem.libretexts.org/index.html?downloads.html" [1]
2026-05-05 10:59:54 URL:https://chem.libretexts.org/?downloadpage [115807] -> "archive/chem.libretexts.org/index.html?downloadpage.html" [1]
2026-05-05 10:59:56 URL:https://chem.libretexts.org/?downloadfull [115807] -> "archive/chem.libretexts.org/index.html?downloadfull.html" [1]
2026-05-05 10:59:58 URL:https://chem.libretexts.org/?resources [115798] -> "archive/chem.libretexts.org/index.html?resources.html" [1]
2026-05-05 10:59:59 URL:https://chem.libretexts.org/?pertable [115795] -> "archive/chem.libretexts.org/index.html?pertable.html" [1]
2026-05-05 11:00:01 URL:https://chem.libretexts.org/?physconst [115798] -> "archive/chem.libretexts.org/index.html?physconst.html" [1]
2026-05-05 11:00:04 URL:https://chem.libretexts.org/?scientificcal [115810] -> "archive/chem.libretexts.org/index.html?scientificcal.html" [1]
2026-05-05 11:00:06 URL:https://chem.libretexts.org/?references [115801] -> "archive/chem.libretexts.org/index.html?references.html" [1]
2026-05-05 11:00:08 URL:https://chem.libretexts.org/?refmodal [115795] -> "archive/chem.libretexts.org/index.html?refmodal.html" [1]
2026-05-05 11:00:10 URL:https://chem.libretexts.org/?tools [115786] -> "archive/chem.libretexts.org/index.html?tools.html" [1]
2026-05-05 11:00:11 URL:https://chem.libretexts.org/?help [115783] -> "archive/chem.libretexts.org/index.html?help.html" [1]
2026-05-05 11:00:13 URL:https://chem.libretexts.org/?helpmodal [115798] -> "archive/chem.libretexts.org/index.html?helpmodal.html" [1]
2026-05-05 11:00:14 URL:https://chem.libretexts.org/?feedback [115795] -> "archive/chem.libretexts.org/index.html?feedback.html" [1]
2026-05-05 11:00:16 URL:https://chem.libretexts.org/?readability [115804] -> "archive/chem.libretexts.org/index.html?readability.html" [1]
2026-05-05 11:00:22 URL:https://chem.libretexts.org/Special:Userlogin?returntotitle= [92020] -> "archive/chem.libretexts.org/Special:UserLogin?returntotitle=.html" [1]
2026-05-05 11:00:27 URL:https://chem.libretexts.org/Special:Userlogin [92020] -> "archive/chem.libretexts.org/Special:UserPassword.html" [1]
2026-05-05 11:00:30 URL:https://files.mtstatic.com/site_4334/48600/5?Expires=1777981839&Signature=lz73jGnyr0HVTpA6iRntROdqxkC07BtHw3goNZpykEHa--3aj9nCs0dA73ojdg0jSveT8Aalhke4RCOjCi-9GYoTuuVgs1ejgt5SSlw8izXI7~9XQg4S3BD3pR3YV9rOUyNwxGZrZ-40Bsk3ndkEHYT9Y6OIU1znN8H59zyy-v8_&Key-Pair-Id=APKAJ5Y6AV4GI7A555NA [17605/17605] -> "archive/chem.libretexts.org/@api/deki/files/48600/mindtouch.page#thumbnail?revision=6" [1]
2026-05-05 11:00:32 URL:https://files.mtstatic.com/site_4334/48598/4?Expires=1777981839&Signature=JdJk0i0L4tCz1mYzUCkhfXAd8W63eZDSwCL2zXtR0W1t3f7kJKXTSjXeK3GXrV8OmcHz5Bbym0YJHfdmxGLk31NSI1e6GbMrNQq26cKfMG0IpQUYDQ14lHsU4m3C~mZ2kBpCpfgjZ2btlh5ivomXgoNsef8FUlvTxt7sIJ9MPt4_&Key-Pair-Id=APKAJ5Y6AV4GI7A555NA [74650/74650] -> "archive/chem.libretexts.org/@api/deki/files/48598/mindtouch.page#thumbnail?revision=5" [1]
2026-05-05 11:00:33 URL:https://files.mtstatic.com/site_4334/145917/1?Expires=1777981839&Signature=rxqVRYR~bsoLW-DN0vNmmTjuAGe0vnvtJqFRiWg8bWpt3kYptCtV0lDG5fAfvZwgZzQeE4W3gOJ1y9gOY-JRPpOSNPPchFxzyFdlf4VK4SitZqFHk37M4Q~sxx5mMqxVghdZf2MyaYSBd0aeBC~xrOfOXaAkdDniBuyzUl50Vjc_&Key-Pair-Id=APKAJ5Y6AV4GI7A555NA [78549/78549] -> "archive/chem.libretexts.org/@api/deki/files/145917/mindtouch.page#thumbnail?revision=2" [1]
2026-05-05 11:00:35 URL:https://chem.libretexts.org/@embed/f1.js [17599] -> "archive/chem.libretexts.org/@embed/f1.js" [1]
2026-05-05 11:00:38 URL:https://chem.libretexts.org/Special:Userlogin?returntotitle=Courses [92027] -> "archive/chem.libretexts.org/Special:UserLogin?returntotitle=Courses.html" [1]
2026-05-05 11:00:40 URL:https://chem.libretexts.org/Courses/Alma_College [159392] -> "archive/chem.libretexts.org/Courses/Alma_College.html" [1]
2026-05-05 11:00:42 URL:https://files.mtstatic.com/site_4334/426858/0?Expires=1777981799&Signature=cw4-FwUlqgRDenLPx6tzCeq-8ZEaeJA5Nj7nURvMwa0ZJOgzCuAfXB0KA88~7hOk735RGga7-b22OrZ9SnGL1LW6PDZIcZN9pIYyvSYTCW520KQLS~qFLELmZNTQkw5EL75MQTaR8VKwJDgUqwbfI3k53L8oXiazkqaqHM0SArg_&Key-Pair-Id=APKAJ5Y6AV4GI7A555NA [27750/27750] -> "archive/chem.libretexts.org/@api/deki/files/426858/mindtouch.page#thumbnail?revision=1" [1]
2026-05-05 11:00:44 URL:https://chem.libretexts.org/Courses/American_River_College [159050] -> "archive/chem.libretexts.org/Courses/American_River_College.html" [1]
2026-05-05 11:00:47 URL:https://files.mtstatic.com/site_4334/142789/0?Expires=1777981799&Signature=HPmL5emPxlmi5-ADeecjHMWmJhIVHkBj1PJ3T205JoqIbrDQNPJOVSzw6Gl5k3eISxyY6-3Puk8t7HH8zRnS6yiwxBT1LzC~Q1AVPe1lcYfscBhpfCYvs9vumJQgvxoRBKqCXapyzcvqfcNPsgEBEwWeZRf54mQXvpjCrfpCGwk_&Key-Pair-Id=APKAJ5Y6AV4GI7A555NA [31131/31131] -> "archive/chem.libretexts.org/@api/deki/files/142789/mindtouch.page#thumbnail?revision=1" [1]
2026-05-05 11:00:51 URL:https://chem.libretexts.org/Courses/Anoka-Ramsey_Community_College [160660] -> "archive/chem.libretexts.org/Courses/Anoka-Ramsey_Community_College.html" [1]
2026-05-05 11:00:54 URL:https://files.mtstatic.com/site_4334/395641/0?Expires=1777981799&Signature=IIvJdSL40jSQsus6kF6FSwgbQfGb8hC4yZynNwlRMIMas0s5D0tXtpLVGWa3DX~JXgCfJZ5nYefJ36IGP1eozpr0-TSQyIac~~aLU5pGO0hteVO3bsz39qfMt8SOjs9W8oLVBf6hth6lkID5DxxGc~ObmR3uqmVJjh8aAiuFkpo_&Key-Pair-Id=APKAJ5Y6AV4GI7A555NA [12942/12942] -> "archive/chem.libretexts.org/@api/deki/files/395641/mindtouch.page#thumbnail?revision=1" [1]
2026-05-05 11:00:56 URL:https://chem.libretexts.org/Courses/Arkansas_Northeastern_College [160695] -> "archive/chem.libretexts.org/Courses/Arkansas_Northeastern_College.html" [1]
2026-05-05 11:00:58 URL:https://files.mtstatic.com/site_4334/248934/0?Expires=1777981799&Signature=OHxFwnvaiDPJimUjedOmn1i0IdUdSbCq6frM64IMKzkcc2j6OtRRFRBquv8VK08b2tr3ubEo~8~f25y8A-eZAJqhKwAsuSawz3KYC-cz~o2flq1AYkCFts3wF0g0bW2Jk4SW0h4EYjv0DgHleoN-wUK8KwKx-6D2Z9Payh0Pkrw_&Key-Pair-Id=APKAJ5Y6AV4GI7A555NA [12748/12748] -> "archive/chem.libretexts.org/@api/deki/files/248934/mindtouch.page#thumbnail?revision=1" [1]
2026-05-05 11:01:00 URL:https://chem.libretexts.org/Courses/Athabasca_University [164960] -> "archive/chem.libretexts.org/Courses/Athabasca_University.html" [1]
2026-05-05 11:01:03 URL:https://files.mtstatic.com/site_4334/44001/1?Expires=1777981800&Signature=WCADcDQnrbshK0~0BKf0lsQecNeI-U4m0GKbRaoK3x3FUjmaPeyFosLSa5o-TwkuwDmxIgPNVosmIgTjTjCwTtDV~pDWo4PVkL-DCfvJ4GsU7wy4JbL7zOXyFz1CGqsXqlNJCO6yZCsf9cYwiw2CCKreAgDLCFqz3B58cSiccbI_&Key-Pair-Id=APKAJ5Y6AV4GI7A555NA [11609/11609] -> "archive/chem.libretexts.org/@api/deki/files/44001/mindtouch.page#thumbnail?revision=2" [1]
2026-05-05 11:01:05 URL:https://chem.libretexts.org/Courses/Barry_University [157505] -> "archive/chem.libretexts.org/Courses/Barry_University.html" [1]
2026-05-05 11:01:08 URL:https://files.mtstatic.com/site_4334/417383/0?Expires=1777981799&Signature=qMKMuYjoKB-GGU1~6xpn~pqO9UjwBkPJEoAmxl1kkMEuHCyl6Zm-3~jRoEpT0B~h8ez6pd8zRRmAA31ukmDXWK-IFJK7ReHdzQeum6GXJDnLhXIXbhhoVpFrJX3F-EX5oEPOGZp9XADUJBv64QBnBnyPGXcIWsuftuugdu0EPwY_&Key-Pair-Id=APKAJ5Y6AV4GI7A555NA [18238/18238] -> "archive/chem.libretexts.org/@api/deki/files/417383/mindtouch.page#thumbnail?revision=1" [1]
2026-05-05 11:01:11 URL:https://chem.libretexts.org/Courses/Barstow_Community_College [156618] -> "archive/chem.libretexts.org/Courses/Barstow_Community_College.html" [1]
2026-05-05 11:01:14 URL:https://files.mtstatic.com/site_4334/487074/0?Expires=1777981799&Signature=aJAutcAXnMs5hmpR5Mch04~VYjP0FYKy1n5D0vu8dVI8FxTjubPr9hYzFua-ARAW~6ckzkiKq8e05My6JJ0yYxNuLbKxsOo-xr7D0jiTOp3Jw16g-4zBO8nbEXqL2ZLssIrsUNYe4RB-XsvSa66f3cWfx~lzzNkB1vroRh35SFw_&Key-Pair-Id=APKAJ5Y6AV4GI7A555NA [6294/6294] -> "archive/chem.libretexts.org/@api/deki/files/487074/mindtouch.page#thumbnail?revision=1" [1]
2026-05-05 11:01:16 URL:https://chem.libretexts.org/Courses/Bellarmine_University [156606] -> "archive/chem.libretexts.org/Courses/Bellarmine_University.html" [1]
2026-05-05 11:01:18 URL:https://files.mtstatic.com/site_4334/129656/0?Expires=1777981799&Signature=j3V-xty6wPztBGaH~rJpF5J7ntA6bCaKAyunwMEHeLovMqeoErcWE6ijgVBmH3eQhgSl5fCaLCM9hW194EwbZCRgzpOcPK-6A5IQ2mC00C3~m4ei-e4R0M3N0H4UPHGwR1D2y1YkJhrD77-NiX8Qrl8DIgsAhOJ4MEjxqWqXjPg_&Key-Pair-Id=APKAJ5Y6AV4GI7A555NA [30042/30042] -> "archive/chem.libretexts.org/@api/deki/files/129656/mindtouch.page#thumbnail?revision=1" [1]
2026-05-05 11:01:21 URL:https://chem.libretexts.org/Courses/Bellingham_Technical_College [160228] -> "archive/chem.libretexts.org/Courses/Bellingham_Technical_College.html" [1]
2026-05-05 11:01:23 URL:https://files.mtstatic.com/site_4334/429649/0?Expires=1777981799&Signature=RDWqXXwgH-aw1GgbAWkmq7hz2JvvPaEl0Qp0uFptUvD9AH9e0Tzk7c9jAmUsArJAWW3N9eY4Z3xRF7UtC1HZDHEBJ2mlrK3ifVfk627Fdg71w1pUw~GezcxBmC6tv67QAXdeHDYjGnsJ1wi5N9gyCDVRpWqFt0m-K8D6HHcUBXg_&Key-Pair-Id=APKAJ5Y6AV4GI7A555NA [2806/2806] -> "archive/chem.libretexts.org/@api/deki/files/429649/mindtouch.page#thumbnail?revision=1" [1]
2026-05-05 11:01:25 URL:https://chem.libretexts.org/Courses/Bennington_College [159715] -> "archive/chem.libretexts.org/Courses/Bennington_College.html" [1]
2026-05-05 11:01:27 URL:https://files.mtstatic.com/site_4334/443491/0?Expires=1777981799&Signature=Q9WV8CfCJSPisP~gswQSgh4k9kMVSB8oABc7gFExFi~drMmPbjN5NmT8LVP4dZyALsHjMOyJDuxTtmRdeY80aFD34gP0ly2snU2JA1hoRSrexz0Vgb8khiSiYXJSCZGqOOJJW8widYl7FTySu8UvxNAKc2fl93ZbjkB6c9ZL~T4_&Key-Pair-Id=APKAJ5Y6AV4GI7A555NA [4317/4317] -> "archive/chem.libretexts.org/@api/deki/files/443491/mindtouch.page#thumbnail?revision=1" [1]
2026-05-05 11:01:29 URL:https://chem.libretexts.org/Courses/BethuneCookman_University [161214] -> "archive/chem.libretexts.org/Courses/BethuneCookman_University.html" [1]
2026-05-05 11:01:32 URL:https://files.mtstatic.com/site_4334/251004/0?Expires=1777981799&Signature=PkJuXaNaC-r2lHfiu9d~t5kejYL97arxFddoCEn-3J56dMzoOt3OgBfS1t7VkdM7cfTYTLIquHwMNtgtiPWnJkJPkjjHSLzd4TV3znIusBftXneJSTZliDzESq~2QkNJDUXaKTTAd-tVyqMblqLVFwjlTN0~JtVEctbiUI--G2I_&Key-Pair-Id=APKAJ5Y6AV4GI7A555NA [6907/6907] -> "archive/chem.libretexts.org/@api/deki/files/251004/mindtouch.page#thumbnail?revision=1" [1]
2026-05-05 11:01:34 URL:https://chem.libretexts.org/Courses/Bloomsburg_-_Commonwealth_University_of_Pennsylvania [160102] -> "archive/chem.libretexts.org/Courses/Bloomsburg_-_Commonwealth_University_of_Pennsylvania.html" [1]
2026-05-05 11:01:36 URL:https://files.mtstatic.com/site_4334/493578/0?Expires=1777981799&Signature=c9WAHGDLIOz8ZtKu58YTvnOiVogZqATXrRk4aiiuWvfBjZJPeMhtdiXDn0KEsMpGrv0LcrgvYbjz-dOzZb8wQt35bks3Yos3ZctVFF8mr8OkWnc4cAg0E47rwXp~wO0gOnDz6eDG5-NKKlcowgJhzFPHyFmiZ0zNjkOraEnfVTY_&Key-Pair-Id=APKAJ5Y6AV4GI7A555NA [3997/3997] -> "archive/chem.libretexts.org/@api/deki/files/493578/mindtouch.page#thumbnail?revision=1" [1]
2026-05-05 11:01:37 URL:https://chem.libretexts.org/Courses/BonnerPrendie [154968] -> "archive/chem.libretexts.org/Courses/BonnerPrendie.html" [1]
2026-05-05 11:01:40 URL:https://files.mtstatic.com/site_4334/186839/0?Expires=1777981799&Signature=Lx4hnu8q4rThxutPQ0ZWgRq5ImkVpoEbgnVAuz4N3alg4mdY4KVI-uCB8V5w72UrVb5E8PPYK-fFNQQ0kWGmRY8bX5lpM4z4-FYyUmDb-W9AYGam7VzbYMkseNRNCiPFkx8Srsus4fiqogdpgjdhmQ74yRVFJkhQC5IF03WqnR8_&Key-Pair-Id=APKAJ5Y6AV4GI7A555NA [12202/12202] -> "archive/chem.libretexts.org/@api/deki/files/186839/mindtouch.page#thumbnail?revision=1" [1]
2026-05-05 11:01:42 URL:https://chem.libretexts.org/Courses/Brevard_College [161940] -> "archive/chem.libretexts.org/Courses/Brevard_College.html" [1]
2026-05-05 11:01:45 URL:https://files.mtstatic.com/site_4334/274900/0?Expires=1777981799&Signature=p~7vDPEpQ4Py2BBvKIqND2Vmx7WHxnzvrRzMrZ0FLotfmBtuRdjA0OM-Wx5cgbQBSRIDzSUPUKLcowi9hH5-8TFLC1JWe5-Qh~xBf9tiKiWe-L68Ztv70VSlZZCDPKv8Rnd2Mi0m02dhj-J8aT3X9Rhbkf8H1Sp9Zc9o-mZHi4E_&Key-Pair-Id=APKAJ5Y6AV4GI7A555NA [10145/10145] -> "archive/chem.libretexts.org/@api/deki/files/274900/mindtouch.page#thumbnail?revision=1" [1]
2026-05-05 11:01:47 URL:https://chem.libretexts.org/Courses/BridgeValley_Community_and_Technical_College [166158] -> "archive/chem.libretexts.org/Courses/BridgeValley_Community_and_Technical_College.html" [1]
2026-05-05 11:01:49 URL:https://files.mtstatic.com/site_4334/296546/0?Expires=1777981799&Signature=JnE9KkVy1hZZ8YAToAeotxV79iW-ayEWV94vmkCFloo12nz1T2aQXBj458ljSO1vwtPIFa9lpMZ4FYimqJTrkm4~S8DN0Fcf9dUwNtrHDPnK2mqCxSVIPMRvufOaqMsX9sNpkcS1~LtniJq1GerPySZHvKugeP3s5jkXDJ--a5w_&Key-Pair-Id=APKAJ5Y6AV4GI7A555NA [15564/15564] -> "archive/chem.libretexts.org/@api/deki/files/296546/mindtouch.page#thumbnail?revision=1" [1]
2026-05-05 11:01:50 URL:https://chem.libretexts.org/Courses/British_Columbia_Institute_of_Technology [157524] -> "archive/chem.libretexts.org/Courses/British_Columbia_Institute_of_Technology.html" [1]
2026-05-05 11:01:53 URL:https://files.mtstatic.com/site_4334/253563/0?Expires=1777981800&Signature=VxAe5yCTUla9aIngWri06wUfOa0Q9eZlTErYPCJohffg6~2iZ1byImzcV9TwdQ6PH3xWiiV0elNOiYpWFbKxSp5i2OxI7rJlXkX1RT-ffZMvJs-YS-rT6sADSNC7HQOB-dndgFqnE8YyhUqtTk-Fg1~-uYUo48G8x7RezA7lwWA_&Key-Pair-Id=APKAJ5Y6AV4GI7A555NA [4707/4707] -> "archive/chem.libretexts.org/@api/deki/files/253563/mindtouch.page#thumbnail?revision=1" [1]
2026-05-05 11:01:55 URL:https://chem.libretexts.org/Courses/Cabrillo_College [158944] -> "archive/chem.libretexts.org/Courses/Cabrillo_College.html" [1]
2026-05-05 11:01:58 URL:https://files.mtstatic.com/site_4334/500947/0?Expires=1777981800&Signature=nTWbAd4u6~C0jpBQr8aFbyaZAATClPFuSNa1kva0pMdqKstSX3Fln1qvvmW~bpGDrELjVHgzPpzapdUxvj6Phq2WaOpfRlgQ0-PzerYImViVILGnUgLJXKLCrg8b~HDFVOSB3uOD7~sj5NzA~-KkLZbXXnf6z6d5QVVcdAzjNAE_&Key-Pair-Id=APKAJ5Y6AV4GI7A555NA [42621/42621] -> "archive/chem.libretexts.org/@api/deki/files/500947/mindtouch.page#thumbnail?revision=1" [1]
2026-05-05 11:02:00 URL:https://chem.libretexts.org/Courses/California_Polytechnic_State_University_San_Luis_Obispo [159955] -> "archive/chem.libretexts.org/Courses/California_Polytechnic_State_University_San_Luis_Obispo.html" [1]
2026-05-05 11:02:05 URL:https://files.mtstatic.com/site_4334/390750/0?Expires=1777981799&Signature=KB1a0wXKiHg-dZnst83cZfBLOQ8rRH1GSw1Sv9P4FoEwEwnejmOHIi65CLtiCMAIOdRWnz0bnxolu9fnlyW3nVBhumNjJoz0bvN5BiF8WqRpZM3~dv21aeNcdUoLRQTNNCDSuOmaNY8cEuoSoEw9nIHtbIJrygbKqmMx3ARVm4o_&Key-Pair-Id=APKAJ5Y6AV4GI7A555NA [477539/477539] -> "archive/chem.libretexts.org/@api/deki/files/390750/mindtouch.page#thumbnail?revision=1" [1]
2026-05-05 11:02:07 URL:https://chem.libretexts.org/Courses/California_State_University_Chico [165189] -> "archive/chem.libretexts.org/Courses/California_State_University_Chico.html" [1]
2026-05-05 11:02:09 URL:https://files.mtstatic.com/site_4334/492700/0?Expires=1777981800&Signature=YhV5U4YUMk7172N-EiskY2hVpHQ1iGEHRldpW5uFEvWw0m-PxlqnLGHvqSSCLCZS70b46lqDFjRowjOsSdFm60Pv8TFSzXqWhIG4EJrodPE8Vl79KMGC~GNCrHYavEiCjvh~uU97YAvPhZdGsY1IcJzo6xJGbZt9hCXe9fQjEQ0_&Key-Pair-Id=APKAJ5Y6AV4GI7A555NA [12480/12480] -> "archive/chem.libretexts.org/@api/deki/files/492700/mindtouch.page#thumbnail?revision=1" [1]
2026-05-05 11:02:12 URL:https://chem.libretexts.org/Courses/Calvin_University [158005] -> "archive/chem.libretexts.org/Courses/Calvin_University.html" [1]
2026-05-05 11:02:15 URL:https://files.mtstatic.com/site_4334/499319/0?Expires=1777981800&Signature=qFwpekZZcsBwjDZwyq2aFRz2TX3RgxQY3e-KvkBETHdIne17afdUwp1OGLuKRCA-ixnRDqhb3DDpX9jQzaJ-KO-yXsi5-cyHotIzh90hxy4t6h7XkNzRCc9YCZZ0Y-YT706f4fghADukWwmz~NIFJme~Ft~g4POSzmtUvTVXVs0_&Key-Pair-Id=APKAJ5Y6AV4GI7A555NA [3679/3679] -> "archive/chem.libretexts.org/@api/deki/files/499319/mindtouch.page#thumbnail?revision=1" [1]
2026-05-05 11:02:17 URL:https://chem.libretexts.org/Courses/Cameron_University [158630] -> "archive/chem.libretexts.org/Courses/Cameron_University.html" [1]
2026-05-05 11:02:19 URL:https://files.mtstatic.com/site_4334/469461/0?Expires=1777981799&Signature=GgUJnk0oOIrUPCqyctQWMfrswPaIe8T5Rv6GeDPa6PCXum98u4QZ4AbjMumLeoVMtI4PBXu1gLs5QEpFZ8Wfn7nzBZpXmRI~FyAcAUb8VbSOsMl24MD9a9HpLSl6rJDtFyARM~sYBC9WiJFHD90RA5d6ppzWQ5Kqmp5RlR29FMk_&Key-Pair-Id=APKAJ5Y6AV4GI7A555NA [8348/8348] -> "archive/chem.libretexts.org/@api/deki/files/469461/mindtouch.page#thumbnail?revision=1" [1]
2026-05-05 11:02:22 URL:https://chem.libretexts.org/Courses/can [165109] -> "archive/chem.libretexts.org/Courses/can.html" [1]
2026-05-05 11:02:24 URL:https://files.mtstatic.com/site_4334/193810/4?Expires=1777981800&Signature=UfaBdUZDIuhCwkYyGOt1EPs7RqtR1NcNGSP~zG0bKQ3Ti3EqX47c72n80gh551S1T021BgDJWAx7gNo-eoMSrz-Vp6bxEGvi6LjNJyNh9spD7LdyflCuNt3O9DGrDxBgXNEPGraVtJXb2e3gMBpyXLQDwNYvk1kZItmpQWrYQag_&Key-Pair-Id=APKAJ5Y6AV4GI7A555NA [15559/15559] -> "archive/chem.libretexts.org/@api/deki/files/193810/mindtouch.page#thumbnail?revision=5" [1]
2026-05-05 11:02:26 URL:https://chem.libretexts.org/Courses/Case_Western_Reserve_University [159547] -> "archive/chem.libretexts.org/Courses/Case_Western_Reserve_University.html" [1]
2026-05-05 11:02:29 URL:https://files.mtstatic.com/site_4334/219701/0?Expires=1777982548&Signature=qURhwI8D4ba4Zz~PzEkn4eD1b0S0dATnPLG04vyI5ywKpoyVxmzV1XCrHZPu3bY27YNbTnXFDCTO~bTjTfZm9yZyv2n957OXc7YDQVb8Z0xVXWbJldY2XfHcUqfqXFS9KPDWbaq6wZ-6jH9fQXLMX8cEU9tOlxyxokxrzPsfCjY_&Key-Pair-Id=APKAJ5Y6AV4GI7A555NA [25389/25389] -> "archive/chem.libretexts.org/@api/deki/files/219701/mindtouch.page#thumbnail?revision=1" [1]
2026-05-05 11:02:31 URL:https://chem.libretexts.org/Courses/Centre_College [158944] -> "archive/chem.libretexts.org/Courses/Centre_College.html" [1]
2026-05-05 11:02:32 URL:https://chem.libretexts.org/@api/deki/files/456825/mindtouch.page%2523thumbnail?revision=1 [10393/10393] -> "archive/chem.libretexts.org/@api/deki/files/456825/mindtouch.page#thumbnail?revision=1" [1]
